[0m01:13:28.855436 [debug] [MainThread]: Sending event: {'category': 'dbt', 'action': 'invocation', 'label': 'start', 'context': [<snowplow_tracker.self_describing_json.SelfDescribingJson object at 0x7f30658d6950>, <snowplow_tracker.self_describing_json.SelfDescribingJson object at 0x7f3064e477f0>, <snowplow_tracker.self_describing_json.SelfDescribingJson object at 0x7f3064dcef20>]}


============================== 01:13:28.870804 | b04fe48b-9d6d-4ec6-bbcb-a0548d9a8cd1 ==============================
[0m01:13:28.870804 [info ] [MainThread]: Running with dbt=1.6.1
[0m01:13:28.872485 [debug] [MainThread]: running dbt with arguments {'printer_width': '80', 'indirect_selection': 'eager', 'write_json': 'True', 'log_cache_events': 'False', 'partial_parse': 'True', 'cache_selected_only': 'False', 'profiles_dir': '/home/vscode/.dbt', 'version_check': 'True', 'debug': 'False', 'log_path': 'logs', 'fail_fast': 'False', 'warn_error': 'None', 'use_colors': 'True', 'use_experimental_parser': 'False', 'no_print': 'None', 'quiet': 'False', 'log_format': 'default', 'static_parser': 'True', 'invocation_command': 'dbt init', 'introspect': 'True', 'target_path': 'None', 'warn_error_options': 'WarnErrorOptions(include=[], exclude=[])', 'send_anonymous_usage_stats': 'True'}
[0m01:13:28.873297 [warn ] [MainThread]: [ConfigFolderDirectory]: Unable to parse dict {'dir': PosixPath('/home/vscode/.dbt')}
[0m01:13:28.874088 [info ] [MainThread]: Creating dbt configuration folder at 
[0m01:14:09.394491 [debug] [MainThread]: Starter project path: /home/vscode/.local/lib/python3.10/site-packages/dbt/include/starter_project
[0m01:14:09.435405 [info ] [MainThread]: 
Your new dbt project "coffee_shop_jimendoza" was created!

For more information on how to configure the profiles.yml file,
please consult the dbt documentation here:

  https://docs.getdbt.com/docs/configure-your-profile

One more thing:

Need help? Don't hesitate to reach out to us via GitHub issues or on Slack:

  https://community.getdbt.com/

Happy modeling!

[0m01:14:09.436278 [info ] [MainThread]: Setting up your profile.
[0m01:15:02.851357 [info ] [MainThread]: Profile coffee_shop_jimendoza written to /home/vscode/.dbt/profiles.yml using target's profile_template.yml and your supplied values. Run 'dbt debug' to validate the connection.
[0m01:15:02.852623 [debug] [MainThread]: Command `dbt init` succeeded at 01:15:02.852505 after 94.03 seconds
[0m01:15:02.853118 [debug] [MainThread]: Sending event: {'category': 'dbt', 'action': 'invocation', 'label': 'end', 'context': [<snowplow_tracker.self_describing_json.SelfDescribingJson object at 0x7f30658d6950>, <snowplow_tracker.self_describing_json.SelfDescribingJson object at 0x7f3062222dd0>, <snowplow_tracker.self_describing_json.SelfDescribingJson object at 0x7f3062222bf0>]}
[0m01:15:02.853631 [debug] [MainThread]: Flushing usage events
[0m14:54:32.338021 [debug] [MainThread]: Sending event: {'category': 'dbt', 'action': 'invocation', 'label': 'start', 'context': [<snowplow_tracker.self_describing_json.SelfDescribingJson object at 0x7f11ec4eea40>, <snowplow_tracker.self_describing_json.SelfDescribingJson object at 0x7f11eb5a3d30>, <snowplow_tracker.self_describing_json.SelfDescribingJson object at 0x7f11eb5a3a30>]}


============================== 14:54:32.349638 | daa0bca9-7fa3-4fc6-b416-ecffd6a2c369 ==============================
[0m14:54:32.349638 [info ] [MainThread]: Running with dbt=1.6.1
[0m14:54:32.350409 [debug] [MainThread]: running dbt with arguments {'printer_width': '80', 'indirect_selection': 'eager', 'write_json': 'True', 'log_cache_events': 'False', 'partial_parse': 'True', 'cache_selected_only': 'False', 'profiles_dir': '/home/vscode/.dbt', 'fail_fast': 'False', 'warn_error': 'None', 'log_path': 'logs', 'debug': 'False', 'version_check': 'True', 'use_colors': 'True', 'use_experimental_parser': 'False', 'no_print': 'None', 'quiet': 'False', 'log_format': 'default', 'static_parser': 'True', 'warn_error_options': 'WarnErrorOptions(include=[], exclude=[])', 'invocation_command': 'dbt run', 'target_path': 'None', 'introspect': 'True', 'send_anonymous_usage_stats': 'True'}
[0m14:54:32.350975 [error] [MainThread]: Encountered an error:
Runtime Error
  No dbt_project.yml found at expected path /workspaces/ae-club-jorge/dbt_project.yml
  Verify that each entry within packages.yml (and their transitive dependencies) contains a file named dbt_project.yml
  
[0m14:54:32.351720 [debug] [MainThread]: Command `dbt run` failed at 14:54:32.351581 after 0.06 seconds
[0m14:54:32.352166 [debug] [MainThread]: Sending event: {'category': 'dbt', 'action': 'invocation', 'label': 'end', 'context': [<snowplow_tracker.self_describing_json.SelfDescribingJson object at 0x7f11ec4eea40>, <snowplow_tracker.self_describing_json.SelfDescribingJson object at 0x7f11eb59c520>, <snowplow_tracker.self_describing_json.SelfDescribingJson object at 0x7f11eb59c4c0>]}
[0m14:54:32.352597 [debug] [MainThread]: Flushing usage events
